{"timestamp":"2026-02-07T10:43:47.101Z","level":"error","message":"支付操作异常: 创建订单","data":{"error":{"message":"Unknown column 'paymentSignature' in 'field list'","stack":"Error\n    at Query.run (D:\\Allprojects\\applications\\Desktop\\菌类网二代\\backend-node\\node_modules\\sequelize\\lib\\dialects\\mysql\\query.js:52:25)\n    at D:\\Allprojects\\applications\\Desktop\\菌类网二代\\backend-node\\node_modules\\sequelize\\lib\\sequelize.js:315:28\n    at process.processTicksAndRejections (node:internal/process/task_queues:105:5)\n    at async MySQLQueryInterface.insert (D:\\Allprojects\\applications\\Desktop\\菌类网二代\\backend-node\\node_modules\\sequelize\\lib\\dialects\\abstract\\query-interface.js:308:21)\n    at async model.save (D:\\Allprojects\\applications\\Desktop\\菌类网二代\\backend-node\\node_modules\\sequelize\\lib\\model.js:2490:35)\n    at async Order.create (D:\\Allprojects\\applications\\Desktop\\菌类网二代\\backend-node\\node_modules\\sequelize\\lib\\model.js:1362:12)\n    at async createOrder (D:\\Allprojects\\applications\\Desktop\\菌类网二代\\backend-node\\controllers\\orderController.js:131:21)"},"context":{"userId":22,"paymentMethod":"alipay","cartItemsCount":1}}}
{"timestamp":"2026-02-07T10:45:32.315Z","level":"info","message":"创建支付订单","data":{"orderNo":"ORD1770461132299556","userId":22,"totalAmount":0.03,"paymentMethod":"alipay"}}
{"timestamp":"2026-02-07T10:46:00.787Z","level":"info","message":"创建支付订单","data":{"orderNo":"ORD177046116077581","userId":22,"totalAmount":0.03,"paymentMethod":"alipay"}}
{"timestamp":"2026-02-07T10:46:00.819Z","level":"info","message":"支付重试","data":{"orderNo":"ORD177046116077581","userId":22,"paymentMethod":"alipay","retryCount":1}}
{"timestamp":"2026-02-07T10:46:00.836Z","level":"info","message":"创建支付订单","data":{"orderNo":"ORD1770461160831265","userId":22,"totalAmount":0.03,"paymentMethod":"wechat"}}
{"timestamp":"2026-02-07T10:46:00.858Z","level":"info","message":"创建支付订单","data":{"orderNo":"ORD1770461160853428","userId":22,"totalAmount":0.03,"paymentMethod":"alipay"}}
{"timestamp":"2026-02-07T10:46:00.877Z","level":"info","message":"创建支付订单","data":{"orderNo":"ORD1770461160871979","userId":22,"totalAmount":0.03,"paymentMethod":"wechat"}}
{"timestamp":"2026-02-07T10:46:00.898Z","level":"info","message":"创建支付订单","data":{"orderNo":"ORD1770461160893417","userId":22,"totalAmount":0.03,"paymentMethod":"bank"}}
{"timestamp":"2026-02-07T10:46:00.916Z","level":"info","message":"创建支付订单","data":{"orderNo":"ORD1770461160911647","userId":22,"totalAmount":0.03,"paymentMethod":"alipay"}}
{"timestamp":"2026-02-07T10:46:00.939Z","level":"info","message":"创建支付订单","data":{"orderNo":"ORD177046116093463","userId":22,"totalAmount":0.03,"paymentMethod":"bank"}}
{"timestamp":"2026-02-07T10:50:04.880Z","level":"info","message":"创建支付订单","data":{"orderNo":"ORD1770461404869856","userId":2,"totalAmount":0.01,"paymentMethod":"wechat"}}
{"timestamp":"2026-02-07T10:50:08.183Z","level":"info","message":"支付重试","data":{"orderNo":"ORD1770461404869856","userId":2,"paymentMethod":"wechat","retryCount":1}}
{"timestamp":"2026-02-07T10:50:14.923Z","level":"info","message":"支付重试","data":{"orderNo":"ORD1770461404869856","userId":2,"paymentMethod":"wechat","retryCount":1}}
{"timestamp":"2026-02-07T11:43:21.091Z","level":"info","message":"创建支付订单","data":{"orderNo":"ORD1770464601083417","userId":2,"totalAmount":31.98,"paymentMethod":"wechat"}}
{"timestamp":"2026-02-07T11:43:23.788Z","level":"info","message":"支付重试","data":{"orderNo":"ORD1770464601083417","userId":2,"paymentMethod":"wechat","retryCount":1}}
{"timestamp":"2026-02-07T12:06:31.547Z","level":"info","message":"创建支付订单","data":{"orderNo":"ORD1770465991538341","userId":2,"totalAmount":31.98,"paymentMethod":"alipay"}}
{"timestamp":"2026-02-07T12:06:34.115Z","level":"info","message":"支付重试","data":{"orderNo":"ORD1770465991538341","userId":2,"paymentMethod":"alipay","retryCount":1}}
{"timestamp":"2026-02-07T12:06:40.676Z","level":"info","message":"支付重试","data":{"orderNo":"ORD1770465991538341","userId":2,"paymentMethod":"alipay","retryCount":1}}
{"timestamp":"2026-02-07T13:35:30.589Z","level":"info","message":"创建支付订单","data":{"orderNo":"ORD1770471330580856","userId":2,"totalAmount":31.98,"paymentMethod":"alipay"}}
{"timestamp":"2026-02-07T13:35:32.615Z","level":"info","message":"支付重试","data":{"orderNo":"ORD1770471330580856","userId":2,"paymentMethod":"alipay","retryCount":1}}
